July 7, 2022, 12:59 pm
Attempt: Success
File name: normalfile.txt
Type: text/plain
Size: 1.7685546875
-------------------------
July 7, 2022, 12:59 pm
Attempt: The format of the file is not valid.
File name: home-slider-image-01.png
Type: image/png
Size: 539.0849609375
-------------------------
July 7, 2022, 1:48 pm
Attempt: Success
File name: Новый текстовый документ.txt
Type: text/plain
Size: 1.7822265625
-------------------------
July 7, 2022, 1:48 pm
Attempt: The format of the file is not valid.
File name: home-slider-image-01.png
Type: image/png
Size: 539.0849609375
-------------------------
